#
# There is insufficient memory for the Java Runtime Environment to continue.
# Native memory allocation (malloc) failed to allocate 32744 bytes for ChunkPool::allocate
# Possible reasons:
#   The system is out of physical RAM or swap space
#   The process is running with CompressedOops enabled, and the Java Heap may be blocking the growth of the native heap
# Possible solutions:
#   Reduce memory load on the system
#   Increase physical memory or swap space
#   Check if swap backing store is full
#   Decrease Java heap size (-Xmx/-Xms)
#   Decrease number of Java threads
#   Decrease Java thread stack sizes (-Xss)
#   Set larger code cache with -XX:ReservedCodeCacheSize=
#   JVM is running with Unscaled Compressed Oops mode in which the Java heap is
#     placed in the first 4GB address space. The Java Heap base address is the
#     maximum limit for the native heap growth. Please use -XX:HeapBaseMinAddress
#     to set the Java Heap base and to place the Java Heap above 4GB virtual address.
# This output file may be truncated or incomplete.
#
#  Out of Memory Error (arena.cpp:78), pid=2420, tid=10616
#
# JRE version: OpenJDK Runtime Environment Temurin-17.0.6+10 (17.0.6+10) (build 17.0.6+10)
# Java VM: OpenJDK 64-Bit Server VM Temurin-17.0.6+10 (17.0.6+10, mixed mode, tiered, compressed oops, compressed class ptrs, parallel gc, windows-amd64)
# No core dump will be written. Minidumps are not enabled by default on client versions of Windows
#

---------------  S U M M A R Y ------------

Command Line: --add-modules=ALL-SYSTEM --add-opens=java.base/java.util=ALL-UNNAMED --add-opens=java.base/java.lang=ALL-UNNAMED --add-opens=java.base/sun.nio.fs=ALL-UNNAMED -Declipse.application=org.eclipse.jdt.ls.core.id1 -Dosgi.bundles.defaultStartLevel=4 -Declipse.product=org.eclipse.jdt.ls.core.product -Djava.import.generatesMetadataFilesAtProjectRoot=false -Dfile.encoding=utf8 -XX:+UseParallelGC -XX:GCTimeRatio=4 -XX:AdaptiveSizePolicyWeight=90 -Dsun.zip.disableMemoryMapping=true -Xmx1G -Xms100m -Xlog:disable -javaagent:c:\Users\Enrique\.vscode\extensions\redhat.java-1.15.0-win32-x64\lombok\lombok-1.18.24.jar -XX:+HeapDumpOnOutOfMemoryError -XX:HeapDumpPath=c:\Users\Enrique\AppData\Roaming\Code\User\workspaceStorage\42658d55193a3ac85ed0974080babd99\redhat.java c:\Users\Enrique\.vscode\extensions\redhat.java-1.15.0-win32-x64\server\plugins\org.eclipse.equinox.launcher_1.6.400.v20210924-0641.jar -configuration c:\Users\Enrique\AppData\Roaming\Code\User\globalStorage\redhat.java\1.15.0\config_win -data c:\Users\Enrique\AppData\Roaming\Code\User\workspaceStorage\42658d55193a3ac85ed0974080babd99\redhat.java\jdt_ws

Host: Intel(R) Core(TM) i3-10105 CPU @ 3.70GHz, 8 cores, 7G,  Windows 10 , 64 bit Build 18362 (10.0.18362.1500)
Time: Sun Mar  5 21:48:03 2023 Hora estándar del Este elapsed time: 0.231786 seconds (0d 0h 0m 0s)

---------------  T H R E A D  ---------------

Current thread (0x000001a41805fc90):  JavaThread "main" [_thread_in_vm, id=10616, stack(0x0000002059100000,0x0000002059200000)]

Stack: [0x0000002059100000,0x0000002059200000]
Native frames: (J=compiled Java code, j=interpreted, Vv=VM code, C=native code)
V  [jvm.dll+0x67741a]
V  [jvm.dll+0x834434]
V  [jvm.dll+0x835bde]
V  [jvm.dll+0x836243]
V  [jvm.dll+0x2457b5]
V  [jvm.dll+0xabd1c]
V  [jvm.dll+0xac0cc]
V  [jvm.dll+0x6cd657]
V  [jvm.dll+0x6ce27f]
V  [jvm.dll+0x36fd73]
V  [jvm.dll+0x36ef52]
V  [jvm.dll+0x36eef8]
V  [jvm.dll+0x37ed0a]
C  0x000001a42222ae05

Java frames: (J=compiled Java code, j=interpreted, Vv=VM code)
j  sun.security.pkcs.PKCS7.parseSignedData(Lsun/security/util/DerValue;)V+619 java.base@17.0.6
j  sun.security.pkcs.PKCS7.parse(Lsun/security/util/DerInputStream;Z)V+40 java.base@17.0.6
j  sun.security.pkcs.PKCS7.parse(Lsun/security/util/DerInputStream;)V+11 java.base@17.0.6
j  sun.security.pkcs.PKCS7.<init>([B)V+50 java.base@17.0.6
j  sun.security.util.SignatureFileVerifier.<init>(Ljava/util/ArrayList;Lsun/security/util/ManifestDigester;Ljava/lang/String;[B)V+40 java.base@17.0.6
j  java.util.jar.JarVerifier.processEntry(Lsun/security/util/ManifestEntryVerifier;)V+322 java.base@17.0.6
j  java.util.jar.JarVerifier.update(I[BIILsun/security/util/ManifestEntryVerifier;)V+39 java.base@17.0.6
j  java.util.jar.JarFile.initializeVerifier()V+163 java.base@17.0.6
j  java.util.jar.JarFile.ensureInitialization()V+41 java.base@17.0.6
j  java.util.jar.JavaUtilJarAccessImpl.ensureInitialization(Ljava/util/jar/JarFile;)V+1 java.base@17.0.6
j  jdk.internal.loader.URLClassPath$JarLoader$2.getManifest()Ljava/util/jar/Manifest;+10 java.base@17.0.6
j  jdk.internal.loader.BuiltinClassLoader.defineClass(Ljava/lang/String;Ljdk/internal/loader/Resource;)Ljava/lang/Class;+29 java.base@17.0.6
j  jdk.internal.loader.BuiltinClassLoader.findClassOnClassPathOrNull(Ljava/lang/String;)Ljava/lang/Class;+37 java.base@17.0.6
j  jdk.internal.loader.BuiltinClassLoader.loadClassOrNull(Ljava/lang/String;Z)Ljava/lang/Class;+111 java.base@17.0.6
j  jdk.internal.loader.BuiltinClassLoader.loadClass(Ljava/lang/String;Z)Ljava/lang/Class;+3 java.base@17.0.6
j  jdk.internal.loader.ClassLoaders$AppClassLoader.loadClass(Ljava/lang/String;Z)Ljava/lang/Class;+36 java.base@17.0.6
j  java.lang.ClassLoader.loadClass(Ljava/lang/String;)Ljava/lang/Class;+3 java.base@17.0.6
v  ~StubRoutines::call_stub
j  java.lang.Class.forName0(Ljava/lang/String;ZLjava/lang/ClassLoader;Ljava/lang/Class;)Ljava/lang/Class;+0 java.base@17.0.6
j  java.lang.Class.forName(Ljava/lang/String;ZLjava/lang/ClassLoader;)Ljava/lang/Class;+43 java.base@17.0.6
j  sun.launcher.LauncherHelper.loadMainClass(ILjava/lang/String;)Ljava/lang/Class;+95 java.base@17.0.6
j  sun.launcher.LauncherHelper.checkAndLoadMain(ZILjava/lang/String;)Ljava/lang/Class;+42 java.base@17.0.6
v  ~StubRoutines::call_stub

---------------  P R O C E S S  ---------------

Threads class SMR info:
_java_thread_list=0x000001a42dc70020, length=13, elements={
0x000001a41805fc90, 0x000001a41811bb20, 0x000001a41811c990, 0x000001a42d953150,
0x000001a42d957ff0, 0x000001a42d959da0, 0x000001a42d963cc0, 0x000001a42d967200,
0x000001a42d967bb0, 0x000001a42d96b400, 0x000001a42d961fe0, 0x000001a42d964660,
0x000001a42dc70260
}

Java Threads: ( => current thread )
=>0x000001a41805fc90 JavaThread "main" [_thread_in_vm, id=10616, stack(0x0000002059100000,0x0000002059200000)]
  0x000001a41811bb20 JavaThread "Reference Handler" daemon [_thread_blocked, id=6160, stack(0x0000002059400000,0x0000002059500000)]
  0x000001a41811c990 JavaThread "Finalizer" daemon [_thread_blocked, id=15008, stack(0x0000002059500000,0x0000002059600000)]
  0x000001a42d953150 JavaThread "Signal Dispatcher" daemon [_thread_blocked, id=13268, stack(0x0000002059600000,0x0000002059700000)]
  0x000001a42d957ff0 JavaThread "Attach Listener" daemon [_thread_blocked, id=14952, stack(0x0000002059700000,0x0000002059800000)]
  0x000001a42d959da0 JavaThread "Service Thread" daemon [_thread_blocked, id=8676, stack(0x0000002059800000,0x0000002059900000)]
  0x000001a42d963cc0 JavaThread "Monitor Deflation Thread" daemon [_thread_blocked, id=8648, stack(0x0000002059900000,0x0000002059a00000)]
  0x000001a42d967200 JavaThread "C2 CompilerThread0" daemon [_thread_in_native, id=5648, stack(0x0000002059a00000,0x0000002059b00000)]
  0x000001a42d967bb0 JavaThread "C1 CompilerThread0" daemon [_thread_in_native, id=12280, stack(0x0000002059b00000,0x0000002059c00000)]
  0x000001a42d96b400 JavaThread "Sweeper thread" daemon [_thread_blocked, id=9964, stack(0x0000002059c00000,0x0000002059d00000)]
  0x000001a42d961fe0 JavaThread "Common-Cleaner" daemon [_thread_blocked, id=2928, stack(0x0000002059d00000,0x0000002059e00000)]
  0x000001a42d964660 JavaThread "Notification Thread" daemon [_thread_blocked, id=13480, stack(0x0000002059e00000,0x0000002059f00000)]
  0x000001a42dc70260 JavaThread "C2 CompilerThread1" daemon [_thread_in_native, id=11284, stack(0x000000205a000000,0x000000205a100000)]

Other Threads:
  0x000001a42d920cf0 VMThread "VM Thread" [stack: 0x0000002059300000,0x0000002059400000] [id=1680]
  0x000001a42dc74580 WatcherThread [stack: 0x0000002059f00000,0x000000205a000000] [id=14324]
  0x000001a41806d720 GCTaskThread "GC Thread#0" [stack: 0x0000002059200000,0x0000002059300000] [id=6880]

Threads with active compile tasks:
C2 CompilerThread0      237  449       4       java.util.Collections$UnmodifiableCollection$1::next (10 bytes)
C1 CompilerThread0      237  451       3       sun.security.util.DerValue::<init> (445 bytes)
C2 CompilerThread1      237  441   !   4       java.lang.String::replace (258 bytes)

VM state: not at safepoint (normal execution)

VM Mutex/Monitor currently owned by a thread: None

Heap address: 0x00000000c0000000, size: 1024 MB, Compressed Oops mode: 32-bit

CDS archive(s) not mapped
Compressed class space mapped at: 0x0000000100000000-0x0000000140000000, reserved size: 1073741824
Narrow klass base: 0x0000000000000000, Narrow klass shift: 3, Narrow klass range: 0x140000000

GC Precious Log:
 CPUs: 8 total, 8 available
 Memory: 8057M
 Large Page Support: Disabled
 NUMA Support: Disabled
 Compressed Oops: Enabled (32-bit)
 Alignments: Space 512K, Generation 512K, Heap 2M
 Heap Min Capacity: 100M
 Heap Initial Capacity: 100M
 Heap Max Capacity: 1G
 Pre-touch: Disabled
 Parallel Workers: 8

Heap:
 PSYoungGen      total 29696K, used 9481K [0x00000000eab00000, 0x00000000ecc00000, 0x0000000100000000)
  eden space 25600K, 37% used [0x00000000eab00000,0x00000000eb4427a0,0x00000000ec400000)
  from space 4096K, 0% used [0x00000000ec800000,0x00000000ec800000,0x00000000ecc00000)
  to   space 4096K, 0% used [0x00000000ec400000,0x00000000ec400000,0x00000000ec800000)
 ParOldGen       total 68608K, used 0K [0x00000000c0000000, 0x00000000c4300000, 0x00000000eab00000)
  object space 68608K, 0% used [0x00000000c0000000,0x00000000c0000000,0x00000000c4300000)
 Metaspace       used 7539K, committed 7680K, reserved 1056768K
  class space    used 737K, committed 832K, reserved 1048576K

Card table byte_map: [0x000001a417a00000,0x000001a417c10000] _byte_map_base: 0x000001a417400000

Marking Bits: (ParMarkBitMap*) 0x00007ffb99763e70
 Begin Bits: [0x000001a429ce0000, 0x000001a42ace0000)
 End Bits:   [0x000001a42ace0000, 0x000001a42bce0000)

Polling page: 0x000001a415fa0000

Metaspace:

Usage:
  Non-class:      6.64 MB used.
      Class:    737.98 KB used.
       Both:      7.36 MB used.

Virtual space:
  Non-class space:        8.00 MB reserved,       6.69 MB ( 84%) committed,  1 nodes.
      Class space:        1.00 GB reserved,     832.00 KB ( <1%) committed,  1 nodes.
             Both:        1.01 GB reserved,       7.50 MB ( <1%) committed. 

Chunk freelists:
   Non-Class:  1.00 MB
       Class:  3.22 MB
        Both:  4.22 MB

MaxMetaspaceSize: unlimited
CompressedClassSpaceSize: 1.00 GB
Initial GC threshold: 21.00 MB
Current GC threshold: 21.00 MB
CDS: off
MetaspaceReclaimPolicy: balanced
 - commit_granule_bytes: 65536.
 - commit_granule_words: 8192.
 - virtual_space_node_default_size: 1048576.
 - enlarge_chunks_in_place: 1.
 - new_chunks_are_fully_committed: 0.
 - uncommit_free_chunks: 1.
 - use_allocation_guard: 0.
 - handle_deallocations: 1.


Internal statistics:

num_allocs_failed_limit: 0.
num_arena_births: 10.
num_arena_deaths: 0.
num_vsnodes_births: 2.
num_vsnodes_deaths: 0.
num_space_committed: 120.
num_space_uncommitted: 0.
num_chunks_returned_to_freelist: 0.
num_chunks_taken_from_freelist: 37.
num_chunk_merges: 0.
num_chunk_splits: 20.
num_chunks_enlarged: 16.
num_purges: 0.
num_inconsistent_stats: 0.

CodeHeap 'non-profiled nmethods': size=120000Kb used=140Kb max_used=140Kb free=119859Kb
 bounds [0x000001a4227b0000, 0x000001a422a20000, 0x000001a429ce0000]
CodeHeap 'profiled nmethods': size=120000Kb used=585Kb max_used=585Kb free=119414Kb
 bounds [0x000001a41ace0000, 0x000001a41af50000, 0x000001a422210000]
CodeHeap 'non-nmethods': size=5760Kb used=1121Kb max_used=1137Kb free=4638Kb
 bounds [0x000001a422210000, 0x000001a422480000, 0x000001a4227b0000]
 total_blobs=852 nmethods=447 adapters=320
 compilation: enabled
              stopped_count=0, restarted_count=0
 full_count=0

Compilation events (20 events):
Event: 0.221 Thread 0x000001a42d967bb0 nmethod 438 0x000001a4227d0490 code [0x000001a4227d0620, 0x000001a4227d06f8]
Event: 0.222 Thread 0x000001a42dc70260 nmethod 434 0x000001a4227d0790 code [0x000001a4227d0920, 0x000001a4227d0a78]
Event: 0.222 Thread 0x000001a42dc70260  439       4       java.lang.StringBuilder::append (8 bytes)
Event: 0.224 Thread 0x000001a42d967bb0  442       3       sun.security.util.ObjectIdentifier::checkOidSize (86 bytes)
Event: 0.225 Thread 0x000001a42d967bb0 nmethod 442 0x000001a41ad6e610 code [0x000001a41ad6e920, 0x000001a41ad6f668]
Event: 0.225 Thread 0x000001a42d967bb0  443       3       sun.security.util.ObjectIdentifier::checkOtherComponent (41 bytes)
Event: 0.225 Thread 0x000001a42d967bb0 nmethod 443 0x000001a41ad6fb90 code [0x000001a41ad6fdc0, 0x000001a41ad704a8]
Event: 0.226 Thread 0x000001a42dc70260 nmethod 439 0x000001a4227d0c10 code [0x000001a4227d0dc0, 0x000001a4227d13c8]
Event: 0.226 Thread 0x000001a42dc70260  441   !   4       java.lang.String::replace (258 bytes)
Event: 0.227 Thread 0x000001a42d967200 nmethod 433 0x000001a4227d1810 code [0x000001a4227d19a0, 0x000001a4227d1ef8]
Event: 0.228 Thread 0x000001a42d967bb0  444       3       java.lang.invoke.MethodType$ConcurrentWeakInternSet::get (47 bytes)
Event: 0.228 Thread 0x000001a42d967bb0 nmethod 444 0x000001a41ad70790 code [0x000001a41ad709c0, 0x000001a41ad712b8]
Event: 0.228 Thread 0x000001a42d967bb0  445       3       sun.security.util.DerInputStream::<init> (38 bytes)
Event: 0.228 Thread 0x000001a42d967bb0 nmethod 445 0x000001a41ad71690 code [0x000001a41ad71820, 0x000001a41ad719b8]
Event: 0.229 Thread 0x000001a42d967bb0  446       3       java.net.URI::match (56 bytes)
Event: 0.229 Thread 0x000001a42d967200  447       4       java.util.HashSet::iterator (13 bytes)
Event: 0.229 Thread 0x000001a42d967bb0 nmethod 446 0x000001a41ad71a90 code [0x000001a41ad71c40, 0x000001a41ad71f38]
Event: 0.230 Thread 0x000001a42d967bb0  448       3       sun.security.util.DerValue::data (29 bytes)
Event: 0.230 Thread 0x000001a42d967bb0 nmethod 448 0x000001a41ad72010 code [0x000001a41ad721c0, 0x000001a41ad72388]
Event: 0.230 Thread 0x000001a42d967bb0  451       3       sun.security.util.DerValue::<init> (445 bytes)

GC Heap History (0 events):
No events

Dll operation events (8 events):
Event: 0.005 Loaded shared library c:\Users\Enrique\.vscode\extensions\redhat.java-1.15.0-win32-x64\jre\17.0.6-win32-x86_64\bin\java.dll
Event: 0.093 Loaded shared library c:\Users\Enrique\.vscode\extensions\redhat.java-1.15.0-win32-x64\jre\17.0.6-win32-x86_64\bin\zip.dll
Event: 0.095 Loaded shared library C:\Users\Enrique\.vscode\extensions\redhat.java-1.15.0-win32-x64\jre\17.0.6-win32-x86_64\bin\instrument.dll
Event: 0.103 Loaded shared library C:\Users\Enrique\.vscode\extensions\redhat.java-1.15.0-win32-x64\jre\17.0.6-win32-x86_64\bin\net.dll
Event: 0.105 Loaded shared library C:\Users\Enrique\.vscode\extensions\redhat.java-1.15.0-win32-x64\jre\17.0.6-win32-x86_64\bin\nio.dll
Event: 0.109 Loaded shared library C:\Users\Enrique\.vscode\extensions\redhat.java-1.15.0-win32-x64\jre\17.0.6-win32-x86_64\bin\zip.dll
Event: 0.118 Loaded shared library C:\Users\Enrique\.vscode\extensions\redhat.java-1.15.0-win32-x64\jre\17.0.6-win32-x86_64\bin\jimage.dll
Event: 0.146 Loaded shared library c:\Users\Enrique\.vscode\extensions\redhat.java-1.15.0-win32-x64\jre\17.0.6-win32-x86_64\bin\verify.dll

Deoptimization events (20 events):
Event: 0.193 Thread 0x000001a41805fc90 DEOPT PACKING pc=0x000001a4227be9f8 sp=0x00000020591fee00
Event: 0.193 Thread 0x000001a41805fc90 DEOPT UNPACKING pc=0x000001a4222666a3 sp=0x00000020591fed40 mode 2
Event: 0.196 Thread 0x000001a41805fc90 DEOPT PACKING pc=0x000001a41acf9000 sp=0x00000020591fc890
Event: 0.196 Thread 0x000001a41805fc90 DEOPT UNPACKING pc=0x000001a422266e43 sp=0x00000020591fbd50 mode 0
Event: 0.198 Thread 0x000001a41805fc90 DEOPT PACKING pc=0x000001a41acf9000 sp=0x00000020591fa460
Event: 0.198 Thread 0x000001a41805fc90 DEOPT UNPACKING pc=0x000001a422266e43 sp=0x00000020591f9920 mode 0
Event: 0.198 Thread 0x000001a41805fc90 DEOPT PACKING pc=0x000001a41acf9000 sp=0x00000020591fa460
Event: 0.198 Thread 0x000001a41805fc90 DEOPT UNPACKING pc=0x000001a422266e43 sp=0x00000020591f9920 mode 0
Event: 0.199 Thread 0x000001a41805fc90 DEOPT PACKING pc=0x000001a41acf9000 sp=0x00000020591fafb0
Event: 0.199 Thread 0x000001a41805fc90 DEOPT UNPACKING pc=0x000001a422266e43 sp=0x00000020591fa470 mode 0
Event: 0.201 Thread 0x000001a41805fc90 DEOPT PACKING pc=0x000001a41acf9000 sp=0x00000020591fb960
Event: 0.201 Thread 0x000001a41805fc90 DEOPT UNPACKING pc=0x000001a422266e43 sp=0x00000020591fae20 mode 0
Event: 0.202 Thread 0x000001a41805fc90 DEOPT PACKING pc=0x000001a41acf9000 sp=0x00000020591fc100
Event: 0.202 Thread 0x000001a41805fc90 DEOPT UNPACKING pc=0x000001a422266e43 sp=0x00000020591fb5c0 mode 0
Event: 0.204 Thread 0x000001a41805fc90 DEOPT PACKING pc=0x000001a41acf9000 sp=0x00000020591fac30
Event: 0.204 Thread 0x000001a41805fc90 DEOPT UNPACKING pc=0x000001a422266e43 sp=0x00000020591fa0f0 mode 0
Event: 0.229 Thread 0x000001a41805fc90 Uncommon trap: trap_request=0xffffff45 fr.pc=0x000001a4227c3844 relative=0x00000000000000c4
Event: 0.229 Thread 0x000001a41805fc90 Uncommon trap: reason=unstable_if action=reinterpret pc=0x000001a4227c3844 method=java.net.URI.match(CJJ)Z @ 45 c2
Event: 0.229 Thread 0x000001a41805fc90 DEOPT PACKING pc=0x000001a4227c3844 sp=0x00000020591fc8d0
Event: 0.229 Thread 0x000001a41805fc90 DEOPT UNPACKING pc=0x000001a4222666a3 sp=0x00000020591fc858 mode 2

Classes unloaded (0 events):
No events

Classes redefined (0 events):
No events

Internal exceptions (2 events):
Event: 0.076 Thread 0x000001a41805fc90 Exception <a 'java/lang/NoSuchMethodError'{0x00000000eacb24e8}: 'void java.lang.invoke.DirectMethodHandle$Holder.invokeStatic(java.lang.Object, java.lang.Object, java.lang.Object)'> (0x00000000eacb24e8) 
thrown [s\src\hotspot\share\interpreter\linkResolver.cpp, line 759]
Event: 0.158 Thread 0x000001a41805fc90 Exception <a 'java/lang/reflect/InvocationTargetException'{0x00000000eaf79688}> (0x00000000eaf79688) 
thrown [s\src\hotspot\share\runtime\reflection.cpp, line 1121]

VM Operations (2 events):
Event: 0.080 Executing VM operation: HandshakeAllThreads
Event: 0.080 Executing VM operation: HandshakeAllThreads done

Events (20 events):
Event: 0.229 loading class sun/security/x509/GeneralName
Event: 0.229 loading class sun/security/x509/GeneralName done
Event: 0.229 loading class sun/security/x509/URIName
Event: 0.229 loading class sun/security/x509/URIName done
Event: 0.229 loading class sun/security/x509/DNSName
Event: 0.229 loading class sun/security/x509/DNSName done
Event: 0.229 loading class sun/security/x509/CRLDistributionPointsExtension
Event: 0.229 loading class sun/security/x509/CRLDistributionPointsExtension done
Event: 0.229 loading class sun/security/x509/DistributionPoint
Event: 0.229 loading class sun/security/x509/DistributionPoint done
Event: 0.230 loading class sun/security/x509/CertificatePoliciesExtension
Event: 0.230 loading class sun/security/x509/CertificatePoliciesExtension done
Event: 0.230 loading class sun/security/x509/PolicyInformation
Event: 0.230 loading class sun/security/x509/PolicyInformation done
Event: 0.230 loading class sun/security/x509/CertificatePolicyId
Event: 0.230 loading class sun/security/x509/CertificatePolicyId done
Event: 0.230 loading class java/security/cert/PolicyQualifierInfo
Event: 0.230 loading class java/security/cert/PolicyQualifierInfo done
Event: 0.231 loading class sun/security/pkcs/SignerInfo
Event: 0.231 loading class sun/security/pkcs/SignerInfo done


Dynamic libraries:
0x00007ff673bc0000 - 0x00007ff673bce000 	c:\Users\Enrique\.vscode\extensions\redhat.java-1.15.0-win32-x64\jre\17.0.6-win32-x86_64\bin\java.exe
0x00007ffbf1800000 - 0x00007ffbf19f0000 	C:\Windows\SYSTEM32\ntdll.dll
0x00007ffbf1700000 - 0x00007ffbf17b2000 	C:\Windows\System32\KERNEL32.DLL
0x00007ffbeecf0000 - 0x00007ffbeef95000 	C:\Windows\System32\KERNELBASE.dll
0x00007ffbee770000 - 0x00007ffbee86a000 	C:\Windows\System32\ucrtbase.dll
0x00007ffbe5d20000 - 0x00007ffbe5d37000 	c:\Users\Enrique\.vscode\extensions\redhat.java-1.15.0-win32-x64\jre\17.0.6-win32-x86_64\bin\jli.dll
0x00007ffbea130000 - 0x00007ffbea149000 	c:\Users\Enrique\.vscode\extensions\redhat.java-1.15.0-win32-x64\jre\17.0.6-win32-x86_64\bin\VCRUNTIME140.dll
0x00007ffbf0320000 - 0x00007ffbf04b4000 	C:\Windows\System32\USER32.dll
0x00007ffbdc880000 - 0x00007ffbdcb04000 	C:\Windows\WinSxS\amd64_microsoft.windows.common-controls_6595b64144ccf1df_6.0.18362.1556_none_9e7e372fe45e41d5\COMCTL32.dll
0x00007ffbef880000 - 0x00007ffbef8a1000 	C:\Windows\System32\win32u.dll
0x00007ffbf1350000 - 0x00007ffbf13ee000 	C:\Windows\System32\msvcrt.dll
0x00007ffbf13f0000 - 0x00007ffbf1416000 	C:\Windows\System32\GDI32.dll
0x00007ffbf0f50000 - 0x00007ffbf1286000 	C:\Windows\System32\combase.dll
0x00007ffbee940000 - 0x00007ffbeead8000 	C:\Windows\System32\gdi32full.dll
0x00007ffbf0e30000 - 0x00007ffbf0f4f000 	C:\Windows\System32\RPCRT4.dll
0x00007ffbee870000 - 0x00007ffbee90e000 	C:\Windows\System32\msvcp_win.dll
0x00007ffbeeae0000 - 0x00007ffbeeb61000 	C:\Windows\System32\bcryptPrimitives.dll
0x00007ffbf1670000 - 0x00007ffbf169e000 	C:\Windows\System32\IMM32.DLL
0x00007ffbeb0d0000 - 0x00007ffbeb0dc000 	c:\Users\Enrique\.vscode\extensions\redhat.java-1.15.0-win32-x64\jre\17.0.6-win32-x86_64\bin\vcruntime140_1.dll
0x00007ffb9bf30000 - 0x00007ffb9bfc1000 	c:\Users\Enrique\.vscode\extensions\redhat.java-1.15.0-win32-x64\jre\17.0.6-win32-x86_64\bin\msvcp140.dll
0x00007ffb98be0000 - 0x00007ffb99827000 	c:\Users\Enrique\.vscode\extensions\redhat.java-1.15.0-win32-x64\jre\17.0.6-win32-x86_64\bin\server\jvm.dll
0x00007ffbf12a0000 - 0x00007ffbf1343000 	C:\Windows\System32\ADVAPI32.dll
0x00007ffbf0b10000 - 0x00007ffbf0ba7000 	C:\Windows\System32\sechost.dll
0x00007ffbeb140000 - 0x00007ffbeb149000 	C:\Windows\SYSTEM32\WSOCK32.dll
0x00007ffbe89b0000 - 0x00007ffbe89ba000 	C:\Windows\SYSTEM32\VERSION.dll
0x00007ffbf0bc0000 - 0x00007ffbf0c2f000 	C:\Windows\System32\WS2_32.dll
0x00007ffbeb340000 - 0x00007ffbeb364000 	C:\Windows\SYSTEM32\WINMM.dll
0x00007ffbeb310000 - 0x00007ffbeb33d000 	C:\Windows\SYSTEM32\WINMMBASE.dll
0x00007ffbeefa0000 - 0x00007ffbeefea000 	C:\Windows\System32\cfgmgr32.dll
0x00007ffbee6c0000 - 0x00007ffbee6d1000 	C:\Windows\System32\kernel.appcore.dll
0x00007ffbeaef0000 - 0x00007ffbeaefa000 	c:\Users\Enrique\.vscode\extensions\redhat.java-1.15.0-win32-x64\jre\17.0.6-win32-x86_64\bin\jimage.dll
0x00007ffbddb80000 - 0x00007ffbddd74000 	C:\Windows\SYSTEM32\DBGHELP.DLL
0x00007ffbd62c0000 - 0x00007ffbd62ea000 	C:\Windows\SYSTEM32\dbgcore.DLL
0x00007ffbeaa60000 - 0x00007ffbeaa6e000 	c:\Users\Enrique\.vscode\extensions\redhat.java-1.15.0-win32-x64\jre\17.0.6-win32-x86_64\bin\instrument.dll
0x00007ffbdce30000 - 0x00007ffbdce55000 	c:\Users\Enrique\.vscode\extensions\redhat.java-1.15.0-win32-x64\jre\17.0.6-win32-x86_64\bin\java.dll
0x00007ffbdf280000 - 0x00007ffbdf298000 	c:\Users\Enrique\.vscode\extensions\redhat.java-1.15.0-win32-x64\jre\17.0.6-win32-x86_64\bin\zip.dll
0x00007ffbefa00000 - 0x00007ffbf00e7000 	C:\Windows\System32\SHELL32.dll
0x00007ffbf01a0000 - 0x00007ffbf0248000 	C:\Windows\System32\shcore.dll
0x00007ffbef0a0000 - 0x00007ffbef81b000 	C:\Windows\System32\windows.storage.dll
0x00007ffbee6e0000 - 0x00007ffbee6fe000 	C:\Windows\System32\profapi.dll
0x00007ffbee700000 - 0x00007ffbee74a000 	C:\Windows\System32\powrprof.dll
0x00007ffbee6b0000 - 0x00007ffbee6c0000 	C:\Windows\System32\UMPDC.dll
0x00007ffbf0d70000 - 0x00007ffbf0dc2000 	C:\Windows\System32\shlwapi.dll
0x00007ffbeeb70000 - 0x00007ffbeeb87000 	C:\Windows\System32\cryptsp.dll
0x00007ffbdf170000 - 0x00007ffbdf189000 	C:\Users\Enrique\.vscode\extensions\redhat.java-1.15.0-win32-x64\jre\17.0.6-win32-x86_64\bin\net.dll
0x00007ffbdffd0000 - 0x00007ffbe00ca000 	C:\Windows\SYSTEM32\WINHTTP.dll
0x00007ffbedef0000 - 0x00007ffbedf57000 	C:\Windows\system32\mswsock.dll
0x00007ffbdce10000 - 0x00007ffbdce25000 	C:\Users\Enrique\.vscode\extensions\redhat.java-1.15.0-win32-x64\jre\17.0.6-win32-x86_64\bin\nio.dll
0x00007ffbea100000 - 0x00007ffbea110000 	c:\Users\Enrique\.vscode\extensions\redhat.java-1.15.0-win32-x64\jre\17.0.6-win32-x86_64\bin\verify.dll

dbghelp: loaded successfully - version: 4.0.5 - missing functions: none
symbol engine: initialized successfully - sym options: 0x614 - pdb path: .;c:\Users\Enrique\.vscode\extensions\redhat.java-1.15.0-win32-x64\jre\17.0.6-win32-x86_64\bin;C:\Windows\SYSTEM32;C:\Windows\WinSxS\amd64_microsoft.windows.common-controls_6595b64144ccf1df_6.0.18362.1556_none_9e7e372fe45e41d5;c:\Users\Enrique\.vscode\extensions\redhat.java-1.15.0-win32-x64\jre\17.0.6-win32-x86_64\bin\server

VM Arguments:
jvm_args: --add-modules=ALL-SYSTEM --add-opens=java.base/java.util=ALL-UNNAMED --add-opens=java.base/java.lang=ALL-UNNAMED --add-opens=java.base/sun.nio.fs=ALL-UNNAMED -Declipse.application=org.eclipse.jdt.ls.core.id1 -Dosgi.bundles.defaultStartLevel=4 -Declipse.product=org.eclipse.jdt.ls.core.product -Djava.import.generatesMetadataFilesAtProjectRoot=false -Dfile.encoding=utf8 -XX:+UseParallelGC -XX:GCTimeRatio=4 -XX:AdaptiveSizePolicyWeight=90 -Dsun.zip.disableMemoryMapping=true -Xmx1G -Xms100m -Xlog:disable -javaagent:c:\Users\Enrique\.vscode\extensions\redhat.java-1.15.0-win32-x64\lombok\lombok-1.18.24.jar -XX:+HeapDumpOnOutOfMemoryError -XX:HeapDumpPath=c:\Users\Enrique\AppData\Roaming\Code\User\workspaceStorage\42658d55193a3ac85ed0974080babd99\redhat.java 
java_command: c:\Users\Enrique\.vscode\extensions\redhat.java-1.15.0-win32-x64\server\plugins\org.eclipse.equinox.launcher_1.6.400.v20210924-0641.jar -configuration c:\Users\Enrique\AppData\Roaming\Code\User\globalStorage\redhat.java\1.15.0\config_win -data c:\Users\Enrique\AppData\Roaming\Code\User\workspaceStorage\42658d55193a3ac85ed0974080babd99\redhat.java\jdt_ws
java_class_path (initial): c:\Users\Enrique\.vscode\extensions\redhat.java-1.15.0-win32-x64\server\plugins\org.eclipse.equinox.launcher_1.6.400.v20210924-0641.jar
Launcher Type: SUN_STANDARD

[Global flags]
    uintx AdaptiveSizePolicyWeight                 = 90                                        {product} {command line}
     intx CICompilerCount                          = 4                                         {product} {ergonomic}
    uintx GCTimeRatio                              = 4                                         {product} {command line}
     bool HeapDumpOnOutOfMemoryError               = true                                   {manageable} {command line}
    ccstr HeapDumpPath                             = c:\Users\Enrique\AppData\Roaming\Code\User\workspaceStorage\42658d55193a3ac85ed0974080babd99\redhat.java         {manageable} {command line}
   size_t InitialHeapSize                          = 104857600                                 {product} {command line}
   size_t MaxHeapSize                              = 1073741824                                {product} {command line}
   size_t MaxNewSize                               = 357564416                                 {product} {ergonomic}
   size_t MinHeapDeltaBytes                        = 524288                                    {product} {ergonomic}
   size_t MinHeapSize                              = 104857600                                 {product} {command line}
   size_t NewSize                                  = 34603008                                  {product} {ergonomic}
    uintx NonNMethodCodeHeapSize                   = 5839372                                {pd product} {ergonomic}
    uintx NonProfiledCodeHeapSize                  = 122909434                              {pd product} {ergonomic}
   size_t OldSize                                  = 70254592                                  {product} {ergonomic}
    uintx ProfiledCodeHeapSize                     = 122909434                              {pd product} {ergonomic}
    uintx ReservedCodeCacheSize                    = 251658240                              {pd product} {ergonomic}
     bool SegmentedCodeCache                       = true                                      {product} {ergonomic}
   size_t SoftMaxHeapSize                          = 1073741824                             {manageable} {ergonomic}
     bool UseCompressedClassPointers               = true                           {product lp64_product} {ergonomic}
     bool UseCompressedOops                        = true                           {product lp64_product} {ergonomic}
     bool UseLargePagesIndividualAllocation        = false                                  {pd product} {ergonomic}
     bool UseParallelGC                            = true                                      {product} {command line}

Logging:
Log output configuration:
 #0: stdout all=off uptime,level,tags
 #1: stderr all=off uptime,level,tags

Environment Variables:
PATH=C:\Program Files (x86)\Common Files\Oracle\Java\javapath;C:\Windows\system32;C:\Windows;C:\Windows\System32\Wbem;C:\Windows\System32\WindowsPowerShell\v1.0\;C:\Windows\System32\OpenSSH\;C:\Program Files (x86)\NVIDIA Corporation\PhysX\Common;C:\Program Files\NVIDIA Corporation\NVIDIA NvDLISR;C:\Program Files\PuTTY\;C:\Program Files\WireGuard\;C:\Program Files (x86)\dotnet\;C:\Program Files\dotnet\;C:\Program Files\Git\cmd;C:\Program Files\Git\mingw64\bin;C:\Program Files\Git\usr\bin;C:\Users\Enrique\AppData\Local\Microsoft\WindowsApps;C:\Users\Enrique\AppData\Local\GitHubDesktop\bin;C:\Users\Enrique\AppData\Local\Programs\Microsoft VS Code\bin
USERNAME=Enrique
OS=Windows_NT
PROCESSOR_IDENTIFIER=Intel64 Family 6 Model 165 Stepping 3, GenuineIntel
TMP=C:\Users\Enrique\AppData\Local\Temp
TEMP=C:\Users\Enrique\AppData\Local\Temp



---------------  S Y S T E M  ---------------

OS:
 Windows 10 , 64 bit Build 18362 (10.0.18362.1500)
OS uptime: 0 days 18:52 hours

CPU: total 8 (initial active 8) (4 cores per cpu, 2 threads per core) family 6 model 165 stepping 3 microcode 0xea, cx8, cmov, fxsr, ht, mmx, 3dnowpref, sse, sse2, sse3, ssse3, sse4.1, sse4.2, popcnt, lzcnt, tsc, tscinvbit, avx, avx2, aes, erms, clmul, bmi1, bmi2, adx, fma, vzeroupper, clflush, clflushopt

Memory: 4k page, system-wide physical 8057M (1269M free)
TotalPageFile size 10105M (AvailPageFile size 103M)
current process WorkingSet (physical memory assigned to process): 44M, peak: 44M
current process commit charge ("private bytes"): 190M, peak: 190M

vm_info: OpenJDK 64-Bit Server VM (17.0.6+10) for windows-amd64 JRE (17.0.6+10), built on Jan 18 2023 10:08:59 by "temurin" with MS VC++ 16.7 (VS2019)

END.
