#
# There is insufficient memory for the Java Runtime Environment to continue.
# Native memory allocation (mmap) failed to map 65536 bytes for Failed to commit metaspace.
# Possible reasons:
#   The system is out of physical RAM or swap space
#   The process is running with CompressedOops enabled, and the Java Heap may be blocking the growth of the native heap
# Possible solutions:
#   Reduce memory load on the system
#   Increase physical memory or swap space
#   Check if swap backing store is full
#   Decrease Java heap size (-Xmx/-Xms)
#   Decrease number of Java threads
#   Decrease Java thread stack sizes (-Xss)
#   Set larger code cache with -XX:ReservedCodeCacheSize=
#   JVM is running with Unscaled Compressed Oops mode in which the Java heap is
#     placed in the first 4GB address space. The Java Heap base address is the
#     maximum limit for the native heap growth. Please use -XX:HeapBaseMinAddress
#     to set the Java Heap base and to place the Java Heap above 4GB virtual address.
# This output file may be truncated or incomplete.
#
#  Out of Memory Error (virtualSpaceNode.cpp:110), pid=13552, tid=16352
#
# JRE version: OpenJDK Runtime Environment Temurin-17.0.6+10 (17.0.6+10) (build 17.0.6+10)
# Java VM: OpenJDK 64-Bit Server VM Temurin-17.0.6+10 (17.0.6+10, mixed mode, tiered, compressed oops, compressed class ptrs, parallel gc, windows-amd64)
# No core dump will be written. Minidumps are not enabled by default on client versions of Windows
#

---------------  S U M M A R Y ------------

Command Line: --add-modules=ALL-SYSTEM --add-opens=java.base/java.util=ALL-UNNAMED --add-opens=java.base/java.lang=ALL-UNNAMED --add-opens=java.base/sun.nio.fs=ALL-UNNAMED -Declipse.application=org.eclipse.jdt.ls.core.id1 -Dosgi.bundles.defaultStartLevel=4 -Declipse.product=org.eclipse.jdt.ls.core.product -Djava.import.generatesMetadataFilesAtProjectRoot=false -Dfile.encoding=utf8 -XX:+UseParallelGC -XX:GCTimeRatio=4 -XX:AdaptiveSizePolicyWeight=90 -Dsun.zip.disableMemoryMapping=true -Xmx1G -Xms100m -Xlog:disable -javaagent:c:\Users\Enrique\.vscode\extensions\redhat.java-1.15.0-win32-x64\lombok\lombok-1.18.24.jar -XX:+HeapDumpOnOutOfMemoryError -XX:HeapDumpPath=c:\Users\Enrique\AppData\Roaming\Code\User\workspaceStorage\42658d55193a3ac85ed0974080babd99\redhat.java c:\Users\Enrique\.vscode\extensions\redhat.java-1.15.0-win32-x64\server\plugins\org.eclipse.equinox.launcher_1.6.400.v20210924-0641.jar -configuration c:\Users\Enrique\AppData\Roaming\Code\User\globalStorage\redhat.java\1.15.0\config_win -data c:\Users\Enrique\AppData\Roaming\Code\User\workspaceStorage\42658d55193a3ac85ed0974080babd99\redhat.java\jdt_ws

Host: Intel(R) Core(TM) i3-10105 CPU @ 3.70GHz, 8 cores, 7G,  Windows 10 , 64 bit Build 18362 (10.0.18362.1500)
Time: Sun Mar  5 21:48:03 2023 Hora estándar del Este elapsed time: 0.234982 seconds (0d 0h 0m 0s)

---------------  T H R E A D  ---------------

Current thread (0x000001d915cefff0):  JavaThread "main" [_thread_in_vm, id=16352, stack(0x0000001d05b00000,0x0000001d05c00000)]

Stack: [0x0000001d05b00000,0x0000001d05c00000]
Native frames: (J=compiled Java code, j=interpreted, Vv=VM code, C=native code)
V  [jvm.dll+0x67741a]
V  [jvm.dll+0x834434]
V  [jvm.dll+0x835bde]
V  [jvm.dll+0x836243]
V  [jvm.dll+0x2457b5]
V  [jvm.dll+0x8304cb]
V  [jvm.dll+0x61bca6]
V  [jvm.dll+0x1c05fe]
V  [jvm.dll+0x61e5f1]
V  [jvm.dll+0x61c646]
V  [jvm.dll+0x62d3f9]
V  [jvm.dll+0x626754]
V  [jvm.dll+0x37f521]
C  0x000001d92167c6fe

Java frames: (J=compiled Java code, j=interpreted, Vv=VM code)
j  java.util.LinkedHashSet.<init>(IF)V+0 java.base@17.0.6
j  sun.security.provider.SunEntries.<init>(Ljava/security/Provider;)V+13 java.base@17.0.6
j  sun.security.provider.Sun.<init>()V+18 java.base@17.0.6
j  sun.security.jca.ProviderConfig.getProvider()Ljava/security/Provider;+67 java.base@17.0.6
j  sun.security.jca.ProviderList.getProvider(I)Ljava/security/Provider;+6 java.base@17.0.6
j  sun.security.jca.ProviderList.getIndex(Ljava/lang/String;)I+13 java.base@17.0.6
j  sun.security.jca.ProviderList.getProviderConfig(Ljava/lang/String;)Lsun/security/jca/ProviderConfig;+2 java.base@17.0.6
j  sun.security.jca.ProviderList.getProvider(Ljava/lang/String;)Ljava/security/Provider;+2 java.base@17.0.6
j  sun.security.jca.Providers.startJarVerification()Ljava/lang/Object;+15 java.base@17.0.6
j  sun.security.util.SignatureFileVerifier.<init>(Ljava/util/ArrayList;Lsun/security/util/ManifestDigester;Ljava/lang/String;[B)V+28 java.base@17.0.6
j  java.util.jar.JarVerifier.processEntry(Lsun/security/util/ManifestEntryVerifier;)V+322 java.base@17.0.6
j  java.util.jar.JarVerifier.update(I[BIILsun/security/util/ManifestEntryVerifier;)V+39 java.base@17.0.6
j  java.util.jar.JarFile.initializeVerifier()V+163 java.base@17.0.6
j  java.util.jar.JarFile.ensureInitialization()V+41 java.base@17.0.6
j  java.util.jar.JavaUtilJarAccessImpl.ensureInitialization(Ljava/util/jar/JarFile;)V+1 java.base@17.0.6
j  jdk.internal.loader.URLClassPath$JarLoader$2.getManifest()Ljava/util/jar/Manifest;+10 java.base@17.0.6
j  jdk.internal.loader.BuiltinClassLoader.defineClass(Ljava/lang/String;Ljdk/internal/loader/Resource;)Ljava/lang/Class;+29 java.base@17.0.6
j  jdk.internal.loader.BuiltinClassLoader.findClassOnClassPathOrNull(Ljava/lang/String;)Ljava/lang/Class;+37 java.base@17.0.6
j  jdk.internal.loader.BuiltinClassLoader.loadClassOrNull(Ljava/lang/String;Z)Ljava/lang/Class;+111 java.base@17.0.6
j  jdk.internal.loader.BuiltinClassLoader.loadClass(Ljava/lang/String;Z)Ljava/lang/Class;+3 java.base@17.0.6
j  jdk.internal.loader.ClassLoaders$AppClassLoader.loadClass(Ljava/lang/String;Z)Ljava/lang/Class;+36 java.base@17.0.6
j  java.lang.ClassLoader.loadClass(Ljava/lang/String;)Ljava/lang/Class;+3 java.base@17.0.6
v  ~StubRoutines::call_stub
j  java.lang.Class.forName0(Ljava/lang/String;ZLjava/lang/ClassLoader;Ljava/lang/Class;)Ljava/lang/Class;+0 java.base@17.0.6
j  java.lang.Class.forName(Ljava/lang/String;ZLjava/lang/ClassLoader;)Ljava/lang/Class;+43 java.base@17.0.6
j  sun.launcher.LauncherHelper.loadMainClass(ILjava/lang/String;)Ljava/lang/Class;+95 java.base@17.0.6
j  sun.launcher.LauncherHelper.checkAndLoadMain(ZILjava/lang/String;)Ljava/lang/Class;+42 java.base@17.0.6
v  ~StubRoutines::call_stub

---------------  P R O C E S S  ---------------

Threads class SMR info:
_java_thread_list=0x000001d92d881300, length=12, elements={
0x000001d915cefff0, 0x000001d915da6200, 0x000001d92babaad0, 0x000001d915da9000,
0x000001d915da9e70, 0x000001d915dabb20, 0x000001d92d560d50, 0x000001d92d561de0,
0x000001d92d562f70, 0x000001d92d564140, 0x000001d92d5dec90, 0x000001d92d842600
}

Java Threads: ( => current thread )
=>0x000001d915cefff0 JavaThread "main" [_thread_in_vm, id=16352, stack(0x0000001d05b00000,0x0000001d05c00000)]
  0x000001d915da6200 JavaThread "Reference Handler" daemon [_thread_blocked, id=2248, stack(0x0000001d05e00000,0x0000001d05f00000)]
  0x000001d92babaad0 JavaThread "Finalizer" daemon [_thread_blocked, id=13488, stack(0x0000001d05f00000,0x0000001d06000000)]
  0x000001d915da9000 JavaThread "Signal Dispatcher" daemon [_thread_blocked, id=11460, stack(0x0000001d06000000,0x0000001d06100000)]
  0x000001d915da9e70 JavaThread "Attach Listener" daemon [_thread_blocked, id=10648, stack(0x0000001d06100000,0x0000001d06200000)]
  0x000001d915dabb20 JavaThread "Service Thread" daemon [_thread_blocked, id=5504, stack(0x0000001d06200000,0x0000001d06300000)]
  0x000001d92d560d50 JavaThread "Monitor Deflation Thread" daemon [_thread_blocked, id=7736, stack(0x0000001d06300000,0x0000001d06400000)]
  0x000001d92d561de0 JavaThread "C2 CompilerThread0" daemon [_thread_blocked, id=1112, stack(0x0000001d06400000,0x0000001d06500000)]
  0x000001d92d562f70 JavaThread "C1 CompilerThread0" daemon [_thread_blocked, id=12528, stack(0x0000001d06500000,0x0000001d06600000)]
  0x000001d92d564140 JavaThread "Sweeper thread" daemon [_thread_blocked, id=16044, stack(0x0000001d06600000,0x0000001d06700000)]
  0x000001d92d5dec90 JavaThread "Common-Cleaner" daemon [_thread_blocked, id=11764, stack(0x0000001d06700000,0x0000001d06800000)]
  0x000001d92d842600 JavaThread "Notification Thread" daemon [_thread_blocked, id=13884, stack(0x0000001d06800000,0x0000001d06900000)]

Other Threads:
  0x000001d92bab9bb0 VMThread "VM Thread" [stack: 0x0000001d05d00000,0x0000001d05e00000] [id=16268]
  0x000001d92d842ad0 WatcherThread [stack: 0x0000001d06900000,0x0000001d06a00000] [id=15852]
  0x000001d915d07790 GCTaskThread "GC Thread#0" [stack: 0x0000001d05c00000,0x0000001d05d00000] [id=12052]

Threads with active compile tasks:

VM state: not at safepoint (normal execution)

VM Mutex/Monitor currently owned by a thread:  ([mutex/lock_event])
[0x000001d915cddd50] Metaspace_lock - owner thread: 0x000001d915cefff0

Heap address: 0x00000000c0000000, size: 1024 MB, Compressed Oops mode: 32-bit

CDS archive(s) not mapped
Compressed class space mapped at: 0x0000000100000000-0x0000000140000000, reserved size: 1073741824
Narrow klass base: 0x0000000000000000, Narrow klass shift: 3, Narrow klass range: 0x140000000

GC Precious Log:
 CPUs: 8 total, 8 available
 Memory: 8057M
 Large Page Support: Disabled
 NUMA Support: Disabled
 Compressed Oops: Enabled (32-bit)
 Alignments: Space 512K, Generation 512K, Heap 2M
 Heap Min Capacity: 100M
 Heap Initial Capacity: 100M
 Heap Max Capacity: 1G
 Pre-touch: Disabled
 Parallel Workers: 8

Heap:
 PSYoungGen      total 29696K, used 7776K [0x00000000eab00000, 0x00000000ecc00000, 0x0000000100000000)
  eden space 25600K, 30% used [0x00000000eab00000,0x00000000eb298180,0x00000000ec400000)
  from space 4096K, 0% used [0x00000000ec800000,0x00000000ec800000,0x00000000ecc00000)
  to   space 4096K, 0% used [0x00000000ec400000,0x00000000ec400000,0x00000000ec800000)
 ParOldGen       total 68608K, used 0K [0x00000000c0000000, 0x00000000c4300000, 0x00000000eab00000)
  object space 68608K, 0% used [0x00000000c0000000,0x00000000c0000000,0x00000000c4300000)
 Metaspace       used 6495K, committed 6592K, reserved 1056768K
  class space    used 636K, committed 704K, reserved 1048576K

Card table byte_map: [0x000001d929330000,0x000001d929540000] _byte_map_base: 0x000001d928d30000

Marking Bits: (ParMarkBitMap*) 0x00007ffb99763e70
 Begin Bits: [0x000001d9296a0000, 0x000001d92a6a0000)
 End Bits:   [0x000001d92a6a0000, 0x000001d92b6a0000)

Polling page: 0x000001d915db0000

Metaspace:

Usage:
  Non-class:      5.72 MB used.
      Class:    636.88 KB used.
       Both:      6.34 MB used.

Virtual space:
  Non-class space:        8.00 MB reserved,       5.75 MB ( 72%) committed,  1 nodes.
      Class space:        1.00 GB reserved,     704.00 KB ( <1%) committed,  1 nodes.
             Both:        1.01 GB reserved,       6.44 MB ( <1%) committed. 

Chunk freelists:
   Non-Class:  2.02 MB
       Class:  3.22 MB
        Both:  5.23 MB

MaxMetaspaceSize: unlimited
CompressedClassSpaceSize: 1.00 GB
Initial GC threshold: 21.00 MB
Current GC threshold: 21.00 MB
CDS: off
MetaspaceReclaimPolicy: balanced
 - commit_granule_bytes: 65536.
 - commit_granule_words: 8192.
 - virtual_space_node_default_size: 1048576.
 - enlarge_chunks_in_place: 1.
 - new_chunks_are_fully_committed: 0.
 - uncommit_free_chunks: 1.
 - use_allocation_guard: 0.
 - handle_deallocations: 1.


Internal statistics:

num_allocs_failed_limit: 0.
num_arena_births: 10.
num_arena_deaths: 0.
num_vsnodes_births: 2.
num_vsnodes_deaths: 0.
num_space_committed: 103.
num_space_uncommitted: 0.
num_chunks_returned_to_freelist: 0.
num_chunks_taken_from_freelist: 34.
num_chunk_merges: 0.
num_chunk_splits: 19.
num_chunks_enlarged: 16.
num_purges: 0.
num_inconsistent_stats: 0.

CodeHeap 'non-profiled nmethods': size=120000Kb used=113Kb max_used=113Kb free=119886Kb
 bounds [0x000001d921c10000, 0x000001d921e80000, 0x000001d929140000]
CodeHeap 'profiled nmethods': size=120000Kb used=499Kb max_used=499Kb free=119500Kb
 bounds [0x000001d91a140000, 0x000001d91a3b0000, 0x000001d921670000]
CodeHeap 'non-nmethods': size=5760Kb used=1101Kb max_used=1117Kb free=4658Kb
 bounds [0x000001d921670000, 0x000001d9218e0000, 0x000001d921c10000]
 total_blobs=772 nmethods=392 adapters=295
 compilation: enabled
              stopped_count=0, restarted_count=0
 full_count=0

Compilation events (20 events):
Event: 0.227 Thread 0x000001d92d561de0  380       4       java.lang.StringCoding::hasNegatives (25 bytes)
Event: 0.227 Thread 0x000001d92d562f70 nmethod 384 0x000001d91a1b8510 code [0x000001d91a1b8720, 0x000001d91a1b8d68]
Event: 0.227 Thread 0x000001d92d562f70  385       3       java.util.Collections$UnmodifiableCollection::iterator (9 bytes)
Event: 0.227 Thread 0x000001d92d562f70 nmethod 385 0x000001d91a1b8f90 code [0x000001d91a1b9140, 0x000001d91a1b9468]
Event: 0.227 Thread 0x000001d92d562f70  383       3       lombok.patcher.scripts.MethodLevelPatchScript::patch (21 bytes)
Event: 0.227 Thread 0x000001d92d562f70 nmethod 383 0x000001d91a1b9590 code [0x000001d91a1b9740, 0x000001d91a1b99b8]
Event: 0.227 Thread 0x000001d92d562f70  386       3       java.util.Collections$UnmodifiableCollection$1::<init> (26 bytes)
Event: 0.227 Thread 0x000001d92d562f70 nmethod 386 0x000001d91a1b9a90 code [0x000001d91a1b9c40, 0x000001d91a1b9ea8]
Event: 0.228 Thread 0x000001d92d562f70  388       3       java.lang.Class::getPackageName (81 bytes)
Event: 0.228 Thread 0x000001d92d562f70 nmethod 388 0x000001d91a1ba010 code [0x000001d91a1ba2a0, 0x000001d91a1bad08]
Event: 0.228 Thread 0x000001d92d562f70  389       3       java.lang.invoke.MethodType::equals (56 bytes)
Event: 0.228 Thread 0x000001d92d562f70 nmethod 389 0x000001d91a1bb110 code [0x000001d91a1bb340, 0x000001d91a1bbe38]
Event: 0.229 Thread 0x000001d92d561de0 nmethod 380 0x000001d921c2b390 code [0x000001d921c2b500, 0x000001d921c2b678]
Event: 0.229 Thread 0x000001d92d561de0  387       4       java.lang.StringLatin1::replace (198 bytes)
Event: 0.231 Thread 0x000001d92d562f70  390       3       jdk.internal.misc.Unsafe::putReferenceRelease (9 bytes)
Event: 0.231 Thread 0x000001d92d562f70 nmethod 390 0x000001d91a1bc010 code [0x000001d91a1bc1a0, 0x000001d91a1bc2d8]
Event: 0.231 Thread 0x000001d92d562f70  392       3       java.util.concurrent.ConcurrentHashMap::setTabAt (20 bytes)
Event: 0.231 Thread 0x000001d92d562f70 nmethod 392 0x000001d91a1bc390 code [0x000001d91a1bc540, 0x000001d91a1bc748]
Event: 0.231 Thread 0x000001d92d562f70  393       3       java.lang.StringUTF16::compress (50 bytes)
Event: 0.232 Thread 0x000001d92d562f70 nmethod 393 0x000001d91a1bc810 code [0x000001d91a1bc9c0, 0x000001d91a1bcc18]

GC Heap History (0 events):
No events

Dll operation events (8 events):
Event: 0.006 Loaded shared library c:\Users\Enrique\.vscode\extensions\redhat.java-1.15.0-win32-x64\jre\17.0.6-win32-x86_64\bin\java.dll
Event: 0.112 Loaded shared library c:\Users\Enrique\.vscode\extensions\redhat.java-1.15.0-win32-x64\jre\17.0.6-win32-x86_64\bin\zip.dll
Event: 0.114 Loaded shared library C:\Users\Enrique\.vscode\extensions\redhat.java-1.15.0-win32-x64\jre\17.0.6-win32-x86_64\bin\instrument.dll
Event: 0.123 Loaded shared library C:\Users\Enrique\.vscode\extensions\redhat.java-1.15.0-win32-x64\jre\17.0.6-win32-x86_64\bin\net.dll
Event: 0.124 Loaded shared library C:\Users\Enrique\.vscode\extensions\redhat.java-1.15.0-win32-x64\jre\17.0.6-win32-x86_64\bin\nio.dll
Event: 0.129 Loaded shared library C:\Users\Enrique\.vscode\extensions\redhat.java-1.15.0-win32-x64\jre\17.0.6-win32-x86_64\bin\zip.dll
Event: 0.139 Loaded shared library C:\Users\Enrique\.vscode\extensions\redhat.java-1.15.0-win32-x64\jre\17.0.6-win32-x86_64\bin\jimage.dll
Event: 0.172 Loaded shared library c:\Users\Enrique\.vscode\extensions\redhat.java-1.15.0-win32-x64\jre\17.0.6-win32-x86_64\bin\verify.dll

Deoptimization events (20 events):
Event: 0.224 Thread 0x000001d915cefff0 Uncommon trap: trap_request=0xffffff45 fr.pc=0x000001d921c266dc relative=0x000000000000005c
Event: 0.224 Thread 0x000001d915cefff0 Uncommon trap: reason=unstable_if action=reinterpret pc=0x000001d921c266dc method=java.lang.String.isLatin1()Z @ 10 c2
Event: 0.224 Thread 0x000001d915cefff0 DEOPT PACKING pc=0x000001d921c266dc sp=0x0000001d05bfe4d0
Event: 0.224 Thread 0x000001d915cefff0 DEOPT UNPACKING pc=0x000001d9216c66a3 sp=0x0000001d05bfe460 mode 2
Event: 0.225 Thread 0x000001d915cefff0 Uncommon trap: trap_request=0xffffff45 fr.pc=0x000001d921c1ee78 relative=0x0000000000000078
Event: 0.225 Thread 0x000001d915cefff0 Uncommon trap: reason=unstable_if action=reinterpret pc=0x000001d921c1ee78 method=java.lang.String.isLatin1()Z @ 10 c2
Event: 0.225 Thread 0x000001d915cefff0 DEOPT PACKING pc=0x000001d921c1ee78 sp=0x0000001d05bfeed0
Event: 0.225 Thread 0x000001d915cefff0 DEOPT UNPACKING pc=0x000001d9216c66a3 sp=0x0000001d05bfee10 mode 2
Event: 0.226 Thread 0x000001d915cefff0 DEOPT PACKING pc=0x000001d91a1856d6 sp=0x0000001d05bfee80
Event: 0.226 Thread 0x000001d915cefff0 DEOPT UNPACKING pc=0x000001d9216c6e43 sp=0x0000001d05bfe320 mode 0
Event: 0.227 Thread 0x000001d915cefff0 DEOPT PACKING pc=0x000001d91a15ab80 sp=0x0000001d05bfc960
Event: 0.227 Thread 0x000001d915cefff0 DEOPT UNPACKING pc=0x000001d9216c6e43 sp=0x0000001d05bfbe20 mode 0
Event: 0.229 Thread 0x000001d915cefff0 DEOPT PACKING pc=0x000001d91a15ab80 sp=0x0000001d05bfa530
Event: 0.229 Thread 0x000001d915cefff0 DEOPT UNPACKING pc=0x000001d9216c6e43 sp=0x0000001d05bf99f0 mode 0
Event: 0.230 Thread 0x000001d915cefff0 DEOPT PACKING pc=0x000001d91a15ab80 sp=0x0000001d05bfa530
Event: 0.230 Thread 0x000001d915cefff0 DEOPT UNPACKING pc=0x000001d9216c6e43 sp=0x0000001d05bf99f0 mode 0
Event: 0.230 Thread 0x000001d915cefff0 DEOPT PACKING pc=0x000001d91a15ab80 sp=0x0000001d05bfb080
Event: 0.230 Thread 0x000001d915cefff0 DEOPT UNPACKING pc=0x000001d9216c6e43 sp=0x0000001d05bfa540 mode 0
Event: 0.233 Thread 0x000001d915cefff0 DEOPT PACKING pc=0x000001d91a15ab80 sp=0x0000001d05bfba30
Event: 0.233 Thread 0x000001d915cefff0 DEOPT UNPACKING pc=0x000001d9216c6e43 sp=0x0000001d05bfaef0 mode 0

Classes unloaded (0 events):
No events

Classes redefined (0 events):
No events

Internal exceptions (2 events):
Event: 0.094 Thread 0x000001d915cefff0 Exception <a 'java/lang/NoSuchMethodError'{0x00000000eacb24e8}: 'void java.lang.invoke.DirectMethodHandle$Holder.invokeStatic(java.lang.Object, java.lang.Object, java.lang.Object)'> (0x00000000eacb24e8) 
thrown [s\src\hotspot\share\interpreter\linkResolver.cpp, line 759]
Event: 0.184 Thread 0x000001d915cefff0 Exception <a 'java/lang/reflect/InvocationTargetException'{0x00000000eaf796b0}> (0x00000000eaf796b0) 
thrown [s\src\hotspot\share\runtime\reflection.cpp, line 1121]

VM Operations (2 events):
Event: 0.098 Executing VM operation: HandshakeAllThreads
Event: 0.098 Executing VM operation: HandshakeAllThreads done

Events (20 events):
Event: 0.231 loading class java/util/Properties$LineReader
Event: 0.231 loading class java/util/Properties$LineReader done
Event: 0.232 loading class java/io/FileInputStream$1
Event: 0.232 loading class java/io/FileInputStream$1 done
Event: 0.232 loading class sun/security/provider/Sun
Event: 0.232 loading class sun/security/provider/Sun done
Event: 0.232 loading class sun/security/util/SecurityConstants
Event: 0.233 loading class sun/security/util/SecurityConstants done
Event: 0.233 loading class java/net/NetPermission
Event: 0.233 loading class java/net/NetPermission done
Event: 0.233 loading class java/security/SecurityPermission
Event: 0.233 loading class java/security/SecurityPermission done
Event: 0.233 loading class java/net/SocketPermission
Event: 0.233 loading class java/net/SocketPermission done
Event: 0.233 loading class sun/security/provider/SunEntries
Event: 0.233 loading class sun/security/provider/SunEntries done
Event: 0.234 loading class sun/security/provider/SunEntries$1
Event: 0.234 loading class sun/security/provider/SunEntries$1 done
Event: 0.234 loading class sun/security/provider/NativePRNG
Event: 0.234 loading class sun/security/provider/NativePRNG done


Dynamic libraries:
0x00007ff673bc0000 - 0x00007ff673bce000 	c:\Users\Enrique\.vscode\extensions\redhat.java-1.15.0-win32-x64\jre\17.0.6-win32-x86_64\bin\java.exe
0x00007ffbf1800000 - 0x00007ffbf19f0000 	C:\Windows\SYSTEM32\ntdll.dll
0x00007ffbf1700000 - 0x00007ffbf17b2000 	C:\Windows\System32\KERNEL32.DLL
0x00007ffbeecf0000 - 0x00007ffbeef95000 	C:\Windows\System32\KERNELBASE.dll
0x00007ffbee770000 - 0x00007ffbee86a000 	C:\Windows\System32\ucrtbase.dll
0x00007ffbea130000 - 0x00007ffbea149000 	c:\Users\Enrique\.vscode\extensions\redhat.java-1.15.0-win32-x64\jre\17.0.6-win32-x86_64\bin\VCRUNTIME140.dll
0x00007ffbe5d20000 - 0x00007ffbe5d37000 	c:\Users\Enrique\.vscode\extensions\redhat.java-1.15.0-win32-x64\jre\17.0.6-win32-x86_64\bin\jli.dll
0x00007ffbf0320000 - 0x00007ffbf04b4000 	C:\Windows\System32\USER32.dll
0x00007ffbdc880000 - 0x00007ffbdcb04000 	C:\Windows\WinSxS\amd64_microsoft.windows.common-controls_6595b64144ccf1df_6.0.18362.1556_none_9e7e372fe45e41d5\COMCTL32.dll
0x00007ffbef880000 - 0x00007ffbef8a1000 	C:\Windows\System32\win32u.dll
0x00007ffbf1350000 - 0x00007ffbf13ee000 	C:\Windows\System32\msvcrt.dll
0x00007ffbf13f0000 - 0x00007ffbf1416000 	C:\Windows\System32\GDI32.dll
0x00007ffbf0f50000 - 0x00007ffbf1286000 	C:\Windows\System32\combase.dll
0x00007ffbee940000 - 0x00007ffbeead8000 	C:\Windows\System32\gdi32full.dll
0x00007ffbee870000 - 0x00007ffbee90e000 	C:\Windows\System32\msvcp_win.dll
0x00007ffbf0e30000 - 0x00007ffbf0f4f000 	C:\Windows\System32\RPCRT4.dll
0x00007ffbeeae0000 - 0x00007ffbeeb61000 	C:\Windows\System32\bcryptPrimitives.dll
0x00007ffbf1670000 - 0x00007ffbf169e000 	C:\Windows\System32\IMM32.DLL
0x00007ffbeb0d0000 - 0x00007ffbeb0dc000 	c:\Users\Enrique\.vscode\extensions\redhat.java-1.15.0-win32-x64\jre\17.0.6-win32-x86_64\bin\vcruntime140_1.dll
0x00007ffb9bf30000 - 0x00007ffb9bfc1000 	c:\Users\Enrique\.vscode\extensions\redhat.java-1.15.0-win32-x64\jre\17.0.6-win32-x86_64\bin\msvcp140.dll
0x00007ffb98be0000 - 0x00007ffb99827000 	c:\Users\Enrique\.vscode\extensions\redhat.java-1.15.0-win32-x64\jre\17.0.6-win32-x86_64\bin\server\jvm.dll
0x00007ffbf12a0000 - 0x00007ffbf1343000 	C:\Windows\System32\ADVAPI32.dll
0x00007ffbf0b10000 - 0x00007ffbf0ba7000 	C:\Windows\System32\sechost.dll
0x00007ffbeb140000 - 0x00007ffbeb149000 	C:\Windows\SYSTEM32\WSOCK32.dll
0x00007ffbeb340000 - 0x00007ffbeb364000 	C:\Windows\SYSTEM32\WINMM.dll
0x00007ffbf0bc0000 - 0x00007ffbf0c2f000 	C:\Windows\System32\WS2_32.dll
0x00007ffbeb310000 - 0x00007ffbeb33d000 	C:\Windows\SYSTEM32\winmmbase.dll
0x00007ffbe89b0000 - 0x00007ffbe89ba000 	C:\Windows\SYSTEM32\VERSION.dll
0x00007ffbeefa0000 - 0x00007ffbeefea000 	C:\Windows\System32\cfgmgr32.dll
0x00007ffbee6c0000 - 0x00007ffbee6d1000 	C:\Windows\System32\kernel.appcore.dll
0x00007ffbeaef0000 - 0x00007ffbeaefa000 	c:\Users\Enrique\.vscode\extensions\redhat.java-1.15.0-win32-x64\jre\17.0.6-win32-x86_64\bin\jimage.dll
0x00007ffbddb80000 - 0x00007ffbddd74000 	C:\Windows\SYSTEM32\DBGHELP.DLL
0x00007ffbd62c0000 - 0x00007ffbd62ea000 	C:\Windows\SYSTEM32\dbgcore.DLL
0x00007ffbeaa60000 - 0x00007ffbeaa6e000 	c:\Users\Enrique\.vscode\extensions\redhat.java-1.15.0-win32-x64\jre\17.0.6-win32-x86_64\bin\instrument.dll
0x00007ffbdce30000 - 0x00007ffbdce55000 	c:\Users\Enrique\.vscode\extensions\redhat.java-1.15.0-win32-x64\jre\17.0.6-win32-x86_64\bin\java.dll
0x00007ffbdf280000 - 0x00007ffbdf298000 	c:\Users\Enrique\.vscode\extensions\redhat.java-1.15.0-win32-x64\jre\17.0.6-win32-x86_64\bin\zip.dll
0x00007ffbefa00000 - 0x00007ffbf00e7000 	C:\Windows\System32\SHELL32.dll
0x00007ffbf01a0000 - 0x00007ffbf0248000 	C:\Windows\System32\shcore.dll
0x00007ffbef0a0000 - 0x00007ffbef81b000 	C:\Windows\System32\windows.storage.dll
0x00007ffbee6e0000 - 0x00007ffbee6fe000 	C:\Windows\System32\profapi.dll
0x00007ffbee700000 - 0x00007ffbee74a000 	C:\Windows\System32\powrprof.dll
0x00007ffbee6b0000 - 0x00007ffbee6c0000 	C:\Windows\System32\UMPDC.dll
0x00007ffbf0d70000 - 0x00007ffbf0dc2000 	C:\Windows\System32\shlwapi.dll
0x00007ffbeeb70000 - 0x00007ffbeeb87000 	C:\Windows\System32\cryptsp.dll
0x00007ffbdf170000 - 0x00007ffbdf189000 	C:\Users\Enrique\.vscode\extensions\redhat.java-1.15.0-win32-x64\jre\17.0.6-win32-x86_64\bin\net.dll
0x00007ffbdffd0000 - 0x00007ffbe00ca000 	C:\Windows\SYSTEM32\WINHTTP.dll
0x00007ffbedef0000 - 0x00007ffbedf57000 	C:\Windows\system32\mswsock.dll
0x00007ffbdce10000 - 0x00007ffbdce25000 	C:\Users\Enrique\.vscode\extensions\redhat.java-1.15.0-win32-x64\jre\17.0.6-win32-x86_64\bin\nio.dll
0x00007ffbea100000 - 0x00007ffbea110000 	c:\Users\Enrique\.vscode\extensions\redhat.java-1.15.0-win32-x64\jre\17.0.6-win32-x86_64\bin\verify.dll

dbghelp: loaded successfully - version: 4.0.5 - missing functions: none
symbol engine: initialized successfully - sym options: 0x614 - pdb path: .;c:\Users\Enrique\.vscode\extensions\redhat.java-1.15.0-win32-x64\jre\17.0.6-win32-x86_64\bin;C:\Windows\SYSTEM32;C:\Windows\WinSxS\amd64_microsoft.windows.common-controls_6595b64144ccf1df_6.0.18362.1556_none_9e7e372fe45e41d5;c:\Users\Enrique\.vscode\extensions\redhat.java-1.15.0-win32-x64\jre\17.0.6-win32-x86_64\bin\server

VM Arguments:
jvm_args: --add-modules=ALL-SYSTEM --add-opens=java.base/java.util=ALL-UNNAMED --add-opens=java.base/java.lang=ALL-UNNAMED --add-opens=java.base/sun.nio.fs=ALL-UNNAMED -Declipse.application=org.eclipse.jdt.ls.core.id1 -Dosgi.bundles.defaultStartLevel=4 -Declipse.product=org.eclipse.jdt.ls.core.product -Djava.import.generatesMetadataFilesAtProjectRoot=false -Dfile.encoding=utf8 -XX:+UseParallelGC -XX:GCTimeRatio=4 -XX:AdaptiveSizePolicyWeight=90 -Dsun.zip.disableMemoryMapping=true -Xmx1G -Xms100m -Xlog:disable -javaagent:c:\Users\Enrique\.vscode\extensions\redhat.java-1.15.0-win32-x64\lombok\lombok-1.18.24.jar -XX:+HeapDumpOnOutOfMemoryError -XX:HeapDumpPath=c:\Users\Enrique\AppData\Roaming\Code\User\workspaceStorage\42658d55193a3ac85ed0974080babd99\redhat.java 
java_command: c:\Users\Enrique\.vscode\extensions\redhat.java-1.15.0-win32-x64\server\plugins\org.eclipse.equinox.launcher_1.6.400.v20210924-0641.jar -configuration c:\Users\Enrique\AppData\Roaming\Code\User\globalStorage\redhat.java\1.15.0\config_win -data c:\Users\Enrique\AppData\Roaming\Code\User\workspaceStorage\42658d55193a3ac85ed0974080babd99\redhat.java\jdt_ws
java_class_path (initial): c:\Users\Enrique\.vscode\extensions\redhat.java-1.15.0-win32-x64\server\plugins\org.eclipse.equinox.launcher_1.6.400.v20210924-0641.jar
Launcher Type: SUN_STANDARD

[Global flags]
    uintx AdaptiveSizePolicyWeight                 = 90                                        {product} {command line}
     intx CICompilerCount                          = 4                                         {product} {ergonomic}
    uintx GCTimeRatio                              = 4                                         {product} {command line}
     bool HeapDumpOnOutOfMemoryError               = true                                   {manageable} {command line}
    ccstr HeapDumpPath                             = c:\Users\Enrique\AppData\Roaming\Code\User\workspaceStorage\42658d55193a3ac85ed0974080babd99\redhat.java         {manageable} {command line}
   size_t InitialHeapSize                          = 104857600                                 {product} {command line}
   size_t MaxHeapSize                              = 1073741824                                {product} {command line}
   size_t MaxNewSize                               = 357564416                                 {product} {ergonomic}
   size_t MinHeapDeltaBytes                        = 524288                                    {product} {ergonomic}
   size_t MinHeapSize                              = 104857600                                 {product} {command line}
   size_t NewSize                                  = 34603008                                  {product} {ergonomic}
    uintx NonNMethodCodeHeapSize                   = 5839372                                {pd product} {ergonomic}
    uintx NonProfiledCodeHeapSize                  = 122909434                              {pd product} {ergonomic}
   size_t OldSize                                  = 70254592                                  {product} {ergonomic}
    uintx ProfiledCodeHeapSize                     = 122909434                              {pd product} {ergonomic}
    uintx ReservedCodeCacheSize                    = 251658240                              {pd product} {ergonomic}
     bool SegmentedCodeCache                       = true                                      {product} {ergonomic}
   size_t SoftMaxHeapSize                          = 1073741824                             {manageable} {ergonomic}
     bool UseCompressedClassPointers               = true                           {product lp64_product} {ergonomic}
     bool UseCompressedOops                        = true                           {product lp64_product} {ergonomic}
     bool UseLargePagesIndividualAllocation        = false                                  {pd product} {ergonomic}
     bool UseParallelGC                            = true                                      {product} {command line}

Logging:
Log output configuration:
 #0: stdout all=off uptime,level,tags
 #1: stderr all=off uptime,level,tags

Environment Variables:
PATH=C:\Program Files (x86)\Common Files\Oracle\Java\javapath;C:\Windows\system32;C:\Windows;C:\Windows\System32\Wbem;C:\Windows\System32\WindowsPowerShell\v1.0\;C:\Windows\System32\OpenSSH\;C:\Program Files (x86)\NVIDIA Corporation\PhysX\Common;C:\Program Files\NVIDIA Corporation\NVIDIA NvDLISR;C:\Program Files\PuTTY\;C:\Program Files\WireGuard\;C:\Program Files (x86)\dotnet\;C:\Program Files\dotnet\;C:\Program Files\Git\cmd;C:\Program Files\Git\mingw64\bin;C:\Program Files\Git\usr\bin;C:\Users\Enrique\AppData\Local\Microsoft\WindowsApps;C:\Users\Enrique\AppData\Local\GitHubDesktop\bin;C:\Users\Enrique\AppData\Local\Programs\Microsoft VS Code\bin
USERNAME=Enrique
OS=Windows_NT
PROCESSOR_IDENTIFIER=Intel64 Family 6 Model 165 Stepping 3, GenuineIntel
TMP=C:\Users\Enrique\AppData\Local\Temp
TEMP=C:\Users\Enrique\AppData\Local\Temp



---------------  S Y S T E M  ---------------

OS:
 Windows 10 , 64 bit Build 18362 (10.0.18362.1500)
OS uptime: 0 days 18:52 hours

CPU: total 8 (initial active 8) (4 cores per cpu, 2 threads per core) family 6 model 165 stepping 3 microcode 0xea, cx8, cmov, fxsr, ht, mmx, 3dnowpref, sse, sse2, sse3, ssse3, sse4.1, sse4.2, popcnt, lzcnt, tsc, tscinvbit, avx, avx2, aes, erms, clmul, bmi1, bmi2, adx, fma, vzeroupper, clflush, clflushopt

Memory: 4k page, system-wide physical 8057M (1269M free)
TotalPageFile size 10105M (AvailPageFile size 4M)
current process WorkingSet (physical memory assigned to process): 40M, peak: 40M
current process commit charge ("private bytes"): 188M, peak: 188M

vm_info: OpenJDK 64-Bit Server VM (17.0.6+10) for windows-amd64 JRE (17.0.6+10), built on Jan 18 2023 10:08:59 by "temurin" with MS VC++ 16.7 (VS2019)

END.
